Base path: E:/Unity/2018.1.0f2/Editor/Data
Cmd: initializeCompiler
Cmd: preprocess
  insize=4610 outsize=2327 ok=1
Cmd: preprocess
  insize=3090 outsize=1969 ok=1
Cmd: preprocess
  insize=3181 outsize=323 ok=1
Cmd: preprocess
  insize=6801 outsize=3266 ok=1
Cmd: preprocess
  insize=3680 outsize=375 ok=1
Cmd: preprocess
  insize=821 outsize=241 ok=1
Cmd: preprocessCompute
  insize=2128 outsize=2134 ok=1
Cmd: preprocess
  insize=3176 outsize=1095 ok=1
Cmd: preprocess
  insize=11823 outsize=980 ok=1
Cmd: preprocess
  insize=1579 outsize=233 ok=1
Cmd: preprocessCompute
  insize=808 outsize=812 ok=1
Cmd: preprocessCompute
  insize=2857 outsize=2863 ok=1
Cmd: preprocessCompute
  insize=7518 outsize=7524 ok=1
Cmd: preprocess
  insize=780 outsize=232 ok=1
Cmd: preprocess
  insize=11094 outsize=228 ok=1
Cmd: preprocess
  insize=1867 outsize=322 ok=1
Cmd: preprocessCompute
  insize=5180 outsize=5188 ok=1
Cmd: preprocess
  insize=2581 outsize=863 ok=1
Cmd: preprocessCompute
  insize=2440 outsize=2444 ok=1
Cmd: preprocess
  insize=1431 outsize=281 ok=1
Cmd: preprocess
  insize=6257 outsize=384 ok=1
Cmd: preprocess
  insize=1793 outsize=273 ok=1
Cmd: preprocess
  insize=628 outsize=231 ok=1
Cmd: preprocess
  insize=1719 outsize=372 ok=1
Cmd: preprocess
  insize=978 outsize=231 ok=1
Cmd: preprocessCompute
  insize=9409 outsize=9421 ok=1
Cmd: preprocess
  insize=5448 outsize=1377 ok=1
Cmd: preprocess
  insize=3320 outsize=826 ok=1
Cmd: preprocess
  insize=4484 outsize=2473 ok=1
Cmd: preprocessCompute
  insize=5587 outsize=5591 ok=1
Cmd: preprocess
  insize=7372 outsize=421 ok=1
Cmd: preprocess
  insize=2507 outsize=1111 ok=1
Cmd: preprocess
  insize=2447 outsize=935 ok=1
Cmd: preprocessCompute
  insize=2947 outsize=2953 ok=1
Cmd: preprocess
  insize=7146 outsize=3523 ok=1
Cmd: preprocessCompute
  insize=1858 outsize=1864 ok=1
Cmd: preprocess
  insize=8097 outsize=3963 ok=1
Cmd: preprocessCompute
  insize=427 outsize=431 ok=1
Cmd: preprocess
  insize=1665 outsize=236 ok=1
Cmd: preprocessCompute
  insize=1518 outsize=1522 ok=1
Cmd: preprocess
  insize=3682 outsize=237 ok=1
Cmd: preprocess
  insize=4827 outsize=2595 ok=1
Cmd: preprocess
  insize=12283 outsize=1047 ok=1
Cmd: preprocess
  insize=1466 outsize=365 ok=1
Cmd: preprocess
  insize=6111 outsize=1315 ok=1
Cmd: preprocess
  insize=1176 outsize=411 ok=1
Cmd: preprocess
  insize=1414 outsize=307 ok=1
Cmd: preprocess
  insize=3197 outsize=1434 ok=1
Cmd: preprocess
  insize=2043 outsize=306 ok=1
Cmd: preprocess
  insize=5083 outsize=1620 ok=1
Cmd: preprocess
  insize=3750 outsize=384 ok=1
Cmd: preprocessCompute
  insize=1499 outsize=1505 ok=1
Cmd: preprocess
  insize=818 outsize=318 ok=1
Cmd: preprocessCompute
  insize=1693 outsize=1697 ok=1
Cmd: preprocess
  insize=3149 outsize=1076 ok=1
Cmd: preprocess
  insize=2174 outsize=582 ok=1
Cmd: preprocess
  insize=4046 outsize=397 ok=1
Cmd: preprocess
  insize=2706 outsize=232 ok=1
Cmd: preprocess
  insize=2070 outsize=769 ok=1
Cmd: preprocessCompute
  insize=15192 outsize=15322 ok=1
Cmd: preprocess
  insize=1409 outsize=310 ok=1
Cmd: preprocess
  error: 1 plat 21 at (44): Duplicate #pragma vertex found, ignoring: #pragma vertex vert
  error: 1 plat 21 at (45): Duplicate #pragma fragment found, ignoring: #pragma fragment frag
  insize=6815 outsize=873 ok=1
Cmd: initializeCompiler
Cmd: initializeCompiler
Cmd: initializeCompiler
Cmd: initializeCompiler
Cmd: initializeCompiler
Cmd: initializeCompiler
Cmd: initializeCompiler
Cmd: initializeCompiler
Cmd: initializeCompiler
Cmd: initializeCompiler
Cmd: initializeCompiler
Cmd: initializeCompiler
Cmd: initializeCompiler
Cmd: initializeCompiler
Cmd: initializeCompiler
Cmd: initializeCompiler
Cmd: initializeCompiler
Cmd: initializeCompiler
Cmd: initializeCompiler
Cmd: initializeCompiler
Cmd: initializeCompiler
Cmd: initializeCompiler
Cmd: initializeCompiler
Cmd: initializeCompiler
Cmd: initializeCompiler
Cmd: initializeCompiler
Cmd: initializeCompiler
Cmd: initializeCompiler
Cmd: initializeCompiler
Cmd: initializeCompiler
Cmd: initializeCompiler
Cmd: initializeCompiler
Cmd: initializeCompiler
Cmd: initializeCompiler
Cmd: initializeCompiler
Cmd: initializeCompiler
Cmd: initializeCompiler
Cmd: initializeCompiler
Cmd: initializeCompiler
Cmd: initializeCompiler
Cmd: initializeCompiler
Cmd: initializeCompiler
Cmd: initializeCompiler
Cmd: initializeCompiler
Cmd: initializeCompiler
Cmd: initializeCompiler
Cmd: initializeCompiler
Cmd: initializeCompiler
Cmd: initializeCompiler
Cmd: initializeCompiler
Cmd: initializeCompiler
Cmd: initializeCompiler
Cmd: initializeCompiler
Cmd: initializeCompiler
Cmd: initializeCompiler
Cmd: initializeCompiler
Cmd: initializeCompiler
Cmd: initializeCompiler
Cmd: initializeCompiler
Cmd: initializeCompiler
Cmd: initializeCompiler
